Temp/gradleOut/launcher/build/outputs/logs/manifest-merger-release-report.txt
-- Merging decision tree log ---
manifest
ADDED from src\main\AndroidManifest.xml:3:1-6:12
INJECTED from src\main\AndroidManifest.xml:3:1-6:12
INJECTED from src\main\AndroidManifest.xml:3:1-6:12
INJECTED from src\main\AndroidManifest.xml:3:1-6:12
MERGED from [:unityLibrary] AndroidManifest.xml:3:1-78:12
MERGED from [:arcore_client:] AndroidManifest.xml:17:1-45:12
MERGED from [:arcore_rendering_utils:] AndroidManifest.xml:2:1-11:12
MERGED from [:arcore_unity:] AndroidManifest.xml:2:1-11:12
MERGED from [:google_ar_required:] AndroidManifest.xml:2:1-19:12
MERGED from [:unityandroidpermissions:] AndroidManifest.xml:6:1-15:12
MERGED from [:unitygar:] AndroidManifest.xml:2:1-11:12
INJECTED from src\main\AndroidManifest.xml:3:1-6:12
INJECTED from src\main\AndroidManifest.xml:3:1-6:12
INJECTED from src\main\AndroidManifest.xml:3:1-6:12
	package
		ADDED from src\main\AndroidManifest.xml:3:70-100
		INJECTED from src\main\AndroidManifest.xml
		INJECTED from src\main\AndroidManifest.xml
	android:versionName
		INJECTED from src\main\AndroidManifest.xml
		ADDED from src\main\AndroidManifest.xml:3:1-6:12
		INJECTED from src\main\AndroidManifest.xml
	xmlns:tools
		ADDED from src\main\AndroidManifest.xml:3:101-147
	android:versionCode
		INJECTED from src\main\AndroidManifest.xml
		ADDED from src\main\AndroidManifest.xml:3:1-6:12
		INJECTED from src\main\AndroidManifest.xml
	xmlns:android
		ADDED from src\main\AndroidManifest.xml:3:11-69
	android:installLocation
		ADDED from src\main\AndroidManifest.xml:3:148-188
supports-screens
ADDED from src\main\AndroidManifest.xml:4:3-163
	android:largeScreens
		ADDED from src\main\AndroidManifest.xml:4:78-105
	android:smallScreens
		ADDED from src\main\AndroidManifest.xml:4:21-48
	android:normalScreens
		ADDED from src\main\AndroidManifest.xml:4:49-77
	android:xlargeScreens
		ADDED from src\main\AndroidManifest.xml:4:106-134
	android:anyDensity
		ADDED from src\main\AndroidManifest.xml:4:135-160
application
ADDED from src\main\AndroidManifest.xml:5:3-83
MERGED from [:unityLibrary] AndroidManifest.xml:36:5-76:19
MERGED from [:unityLibrary] AndroidManifest.xml:36:5-76:19
MERGED from [:arcore_client:] AndroidManifest.xml:29:5-43:19
MERGED from [:arcore_client:] AndroidManifest.xml:29:5-43:19
MERGED from [:google_ar_required:] AndroidManifest.xml:13:5-17:19
MERGED from [:google_ar_required:] AndroidManifest.xml:13:5-17:19
	android:label
		ADDED from src\main\AndroidManifest.xml:5:16-48
	android:icon
		ADDED from src\main\AndroidManifest.xml:5:49-80
uses-sdk
INJECTED from src\main\AndroidManifest.xml reason: use-sdk injection requested
INJECTED from src\main\AndroidManifest.xml
INJECTED from src\main\AndroidManifest.xml
MERGED from [:unityLibrary] AndroidManifest.xml:9:5-11:41
MERGED from [:unityLibrary] AndroidManifest.xml:9:5-11:41
MERGED from [:arcore_client:] AndroidManifest.xml:25:5-27:41
MERGED from [:arcore_client:] AndroidManifest.xml:25:5-27:41
MERGED from [:arcore_rendering_utils:] AndroidManifest.xml:7:5-9:41
MERGED from [:arcore_rendering_utils:] AndroidManifest.xml:7:5-9:41
MERGED from [:arcore_unity:] AndroidManifest.xml:7:5-9:41
MERGED from [:arcore_unity:] AndroidManifest.xml:7:5-9:41
MERGED from [:google_ar_required:] AndroidManifest.xml:7:5-44
MERGED from [:google_ar_required:] AndroidManifest.xml:7:5-44
MERGED from [:unityandroidpermissions:] AndroidManifest.xml:11:5-13:41
MERGED from [:unityandroidpermissions:] AndroidManifest.xml:11:5-13:41
MERGED from [:unitygar:] AndroidManifest.xml:7:5-9:41
MERGED from [:unitygar:] AndroidManifest.xml:7:5-9:41
INJECTED from src\main\AndroidManifest.xml
INJECTED from src\main\AndroidManifest.xml
	android:targetSdkVersion
		INJECTED from src\main\AndroidManifest.xml
		ADDED from src\main\AndroidManifest.xml
		INJECTED from src\main\AndroidManifest.xml
	android:minSdkVersion
		INJECTED from src\main\AndroidManifest.xml
		ADDED from src\main\AndroidManifest.xml
		INJECTED from src\main\AndroidManifest.xml
uses-feature#0x00020000
ADDED from [:unityLibrary] AndroidManifest.xml:13:5-54
	android:glEsVersion
		ADDED from [:unityLibrary] AndroidManifest.xml:13:19-51
uses-permission#android.permission.CAMERA
ADDED from [:unityLibrary] AndroidManifest.xml:15:5-65
	android:name
		ADDED from [:unityLibrary] AndroidManifest.xml:15:22-62
uses-feature#android.hardware.camera
ADDED from [:unityLibrary] AndroidManifest.xml:17:5-19:36
	android:required
		ADDED from [:unityLibrary] AndroidManifest.xml:19:9-33
	android:name
		ADDED from [:unityLibrary] AndroidManifest.xml:18:9-47
uses-feature#android.hardware.camera.autofocus
ADDED from [:unityLibrary] AndroidManifest.xml:20:5-22:36
	android:required
		ADDED from [:unityLibrary] AndroidManifest.xml:22:9-33
	android:name
		ADDED from [:unityLibrary] AndroidManifest.xml:21:9-57
uses-feature#android.hardware.camera.front
ADDED from [:unityLibrary] AndroidManifest.xml:23:5-25:36
	android:required
		ADDED from [:unityLibrary] AndroidManifest.xml:25:9-33
	android:name
		ADDED from [:unityLibrary] AndroidManifest.xml:24:9-53
uses-feature#android.hardware.touchscreen
ADDED from [:unityLibrary] AndroidManifest.xml:26:5-28:36
	android:required
		ADDED from [:unityLibrary] AndroidManifest.xml:28:9-33
	android:name
		ADDED from [:unityLibrary] AndroidManifest.xml:27:9-52
uses-feature#android.hardware.touchscreen.multitouch
ADDED from [:unityLibrary] AndroidManifest.xml:29:5-31:36
	android:required
		ADDED from [:unityLibrary] AndroidManifest.xml:31:9-33
	android:name
		ADDED from [:unityLibrary] AndroidManifest.xml:30:9-63
uses-feature#android.hardware.touchscreen.multitouch.distinct
ADDED from [:unityLibrary] AndroidManifest.xml:32:5-34:36
	android:required
		ADDED from [:unityLibrary] AndroidManifest.xml:34:9-33
	android:name
		ADDED from [:unityLibrary] AndroidManifest.xml:33:9-72
activity#com.unity3d.player.UnityPlayerActivity
ADDED from [:unityLibrary] AndroidManifest.xml:37:9-56:20
	android:screenOrientation
		ADDED from [:unityLibrary] AndroidManifest.xml:42:13-49
	android:launchMode
		ADDED from [:unityLibrary] AndroidManifest.xml:41:13-44
	android:hardwareAccelerated
		ADDED from [:unityLibrary] AndroidManifest.xml:40:13-48
	android:configChanges
		ADDED from [:unityLibrary] AndroidManifest.xml:39:13-194
	android:theme
		ADDED from [:unityLibrary] AndroidManifest.xml:43:13-54
	android:name
		ADDED from [:unityLibrary] AndroidManifest.xml:38:13-66
intent-filter#action:name:android.intent.action.MAIN+category:name:android.intent.category.LAUNCHER
ADDED from [:unityLibrary] AndroidManifest.xml:44:13-48:29
action#android.intent.action.MAIN
ADDED from [:unityLibrary] AndroidManifest.xml:45:17-69
	android:name
		ADDED from [:unityLibrary] AndroidManifest.xml:45:25-66
category#android.intent.category.LAUNCHER
ADDED from [:unityLibrary] AndroidManifest.xml:47:17-77
	android:name
		ADDED from [:unityLibrary] AndroidManifest.xml:47:27-74
meta-data#unityplayer.UnityActivity
ADDED from [:unityLibrary] AndroidManifest.xml:50:13-52:40
	android:value
		ADDED from [:unityLibrary] AndroidManifest.xml:52:17-37
	android:name
		ADDED from [:unityLibrary] AndroidManifest.xml:51:17-57
meta-data#android.notch_support
ADDED from [:unityLibrary] AndroidManifest.xml:53:13-55:40
	android:value
		ADDED from [:unityLibrary] AndroidManifest.xml:55:17-37
	android:name
		ADDED from [:unityLibrary] AndroidManifest.xml:54:17-53
meta-data#unity.tango-enable
ADDED from [:unityLibrary] AndroidManifest.xml:58:9-60:36
	android:value
		ADDED from [:unityLibrary] AndroidManifest.xml:60:13-33
	android:name
		ADDED from [:unityLibrary] AndroidManifest.xml:59:13-46
meta-data#unityplayer.SkipPermissionsDialog
ADDED from [:unityLibrary] AndroidManifest.xml:61:9-63:36
	android:value
		ADDED from [:unityLibrary] AndroidManifest.xml:63:13-33
	android:name
		ADDED from [:unityLibrary] AndroidManifest.xml:62:13-61
meta-data#unity.splash-mode
ADDED from [:unityLibrary] AndroidManifest.xml:64:9-66:33
	android:value
		ADDED from [:unityLibrary] AndroidManifest.xml:66:13-30
	android:name
		ADDED from [:unityLibrary] AndroidManifest.xml:65:13-45
meta-data#unity.splash-enable
ADDED from [:unityLibrary] AndroidManifest.xml:67:9-69:36
	android:value
		ADDED from [:unityLibrary] AndroidManifest.xml:69:13-33
	android:name
		ADDED from [:unityLibrary] AndroidManifest.xml:68:13-47
meta-data#notch.config
ADDED from [:unityLibrary] AndroidManifest.xml:70:9-72:50
	android:value
		ADDED from [:unityLibrary] AndroidManifest.xml:72:13-47
	android:name
		ADDED from [:unityLibrary] AndroidManifest.xml:71:13-40
meta-data#unity.build-id
ADDED from [:unityLibrary] AndroidManifest.xml:73:9-75:68
	android:value
		ADDED from [:unityLibrary] AndroidManifest.xml:75:13-65
	android:name
		ADDED from [:unityLibrary] AndroidManifest.xml:74:13-42
meta-data#com.google.ar.core.min_apk_version
ADDED from [:arcore_client:] AndroidManifest.xml:32:9-34:41
	android:value
		ADDED from [:arcore_client:] AndroidManifest.xml:34:13-38
	android:name
		ADDED from [:arcore_client:] AndroidManifest.xml:33:13-62
activity#com.google.ar.core.InstallActivity
ADDED from [:arcore_client:] AndroidManifest.xml:36:9-42:80
	android:excludeFromRecents
		ADDED from [:arcore_client:] AndroidManifest.xml:39:13-46
	android:launchMode
		ADDED from [:arcore_client:] AndroidManifest.xml:41:13-43
	android:exported
		ADDED from [:arcore_client:] AndroidManifest.xml:40:13-37
	android:configChanges
		ADDED from [:arcore_client:] AndroidManifest.xml:38:13-74
	android:theme
		ADDED from [:arcore_client:] AndroidManifest.xml:42:13-77
	android:name
		ADDED from [:arcore_client:] AndroidManifest.xml:37:13-62
uses-feature#android.hardware.camera.ar
ADDED from [:google_ar_required:] AndroidManifest.xml:9:5-11:35
	android:required
		ADDED from [:google_ar_required:] AndroidManifest.xml:11:9-32
	android:name
		ADDED from [:google_ar_required:] AndroidManifest.xml:10:9-50
meta-data#com.google.ar.core
ADDED from [:google_ar_required:] AndroidManifest.xml:14:9-16:40
	android:value
		ADDED from [:google_ar_required:] AndroidManifest.xml:16:13-37
	android:name
		ADDED from [:google_ar_required:] AndroidManifest.xml:15:13-46